08:00:44.31 [INFO] pantsd 2.27.0 running with PID: 3308489
08:00:44.36 [INFO] handling request: `--verision`
08:00:44.53 [INFO] request completed: `--verision`
08:01:27.14 [INFO] handling request: `--help`
08:01:27.24 [INFO] request completed: `--help`
08:02:04.47 [INFO] Extending leases
08:02:04.48 [INFO] Done extending leases
08:02:42.86 [INFO] notify invalidation: cleared 1 and dirtied 4 nodes for: {"4913", ""}
08:02:42.86 [INFO] notify invalidation: cleared 0 and dirtied 0 nodes for: {"", "4913"}
08:02:42.86 [INFO] notify invalidation: cleared 0 and dirtied 0 nodes for: {"4913", ""}
08:02:42.86 [INFO] notify invalidation: cleared 1 and dirtied 4 nodes for: {"", "pants.toml"}
08:02:42.86 [INFO] notify invalidation: cleared 0 and dirtied 0 nodes for: {"", "pants.toml~"}
08:02:42.86 [INFO] notify invalidation: cleared 0 and dirtied 0 nodes for: {"pants.toml", "", "pants.toml~"}
08:02:42.86 [INFO] notify invalidation: cleared 0 and dirtied 0 nodes for: {"pants.toml", ""}
08:02:42.86 [INFO] notify invalidation: cleared 0 and dirtied 0 nodes for: {"pants.toml", ""}
08:02:42.86 [INFO] notify invalidation: cleared 0 and dirtied 0 nodes for: {"pants.toml"}
08:02:42.86 [ERROR] saw filesystem changes covered by invalidation globs: SnapshotDiff(our_unique_files=(), our_unique_dirs=(), their_unique_files=(), their_unique_dirs=(), changed_files=('pants.toml',)). terminating the daemon.
08:02:42.88 [INFO] notify invalidation: cleared 2 and dirtied 4 nodes for: {"", "pants.toml"}
08:02:42.88 [INFO] notify invalidation: cleared 0 and dirtied 0 nodes for: {"", "pants.toml"}
08:02:42.88 [INFO] notify invalidation: cleared 0 and dirtied 0 nodes for: {"pants.toml~", ""}
08:02:43.32 [ERROR] service failure for <pants.pantsd.service.scheduler_service.SchedulerService object at 0x716521cff8d0>.
08:02:43.32 [INFO] Waiting for ongoing runs to complete before exiting...
08:02:43.32 [INFO] Server exiting with Ok(())
08:02:43.32 [INFO] Waiting for Sessions to complete before exiting...
08:02:43.32 [INFO] Waiting for shutdown of: ["scheduler_service_session", "store_gc_service_session"]
08:02:43.32 [INFO] Shutdown completed: "scheduler_service_session"
08:02:43.32 [INFO] Shutdown completed: "store_gc_service_session"
08:02:43.32 [INFO] Exiting pantsd
08:02:43.32 [WARN] File watcher exiting with: The watcher was shut down.
08:02:43.36 [WARN] File watcher exiting with: The watcher was shut down.
08:02:54.80 [INFO] pantsd 2.27.0 running with PID: 3309042
08:02:54.83 [INFO] handling request: `--help`
08:02:54.85 [INFO] request completed: `--help`
08:02:55.80 [ERROR] Client failed to create a Scheduler: shutting down.
08:02:55.80 [INFO] Waiting for ongoing runs to complete before exiting...
08:02:55.80 [INFO] Server exiting with Ok(())
08:02:55.80 [INFO] Waiting for Sessions to complete before exiting...
08:02:55.80 [INFO] Exiting pantsd
08:02:55.80 [WARN] File watcher exiting with: The watcher was shut down.
08:04:32.37 [INFO] pantsd 2.27.0 running with PID: 3309218
08:04:32.42 [INFO] handling request: `backends`
08:04:32.44 [INFO] request completed: `backends`
08:04:33.37 [ERROR] Client failed to create a Scheduler: shutting down.
08:04:33.37 [INFO] Waiting for ongoing runs to complete before exiting...
08:04:33.37 [INFO] Server exiting with Ok(())
08:04:33.37 [INFO] Waiting for Sessions to complete before exiting...
08:04:33.37 [INFO] Exiting pantsd
08:04:33.37 [WARN] File watcher exiting with: The watcher was shut down.
08:20:36.02 [INFO] pantsd 2.27.0 running with PID: 3310318
08:20:36.06 [INFO] handling request: `help`
08:20:36.09 [INFO] request completed: `help`
08:20:37.03 [ERROR] Client failed to create a Scheduler: shutting down.
08:20:37.03 [INFO] Waiting for ongoing runs to complete before exiting...
08:20:37.03 [INFO] Server exiting with Ok(())
08:20:37.03 [INFO] Waiting for Sessions to complete before exiting...
08:20:37.03 [INFO] Exiting pantsd
08:20:37.03 [WARN] File watcher exiting with: The watcher was shut down.
08:22:53.62 [INFO] pantsd 2.27.0 running with PID: 3310570
08:22:53.65 [INFO] handling request: `help`
08:22:53.77 [INFO] request completed: `help`
08:24:04.26 [INFO] notify invalidation: cleared 1 and dirtied 4 nodes for: {"4913", ""}
08:24:04.26 [INFO] notify invalidation: cleared 1 and dirtied 4 nodes for: {"", "4913"}
08:24:04.26 [INFO] notify invalidation: cleared 0 and dirtied 0 nodes for: {"", "4913"}
08:24:04.26 [INFO] notify invalidation: cleared 1 and dirtied 4 nodes for: {"", "pants.toml"}
08:24:04.26 [INFO] notify invalidation: cleared 0 and dirtied 0 nodes for: {"pants.toml~", ""}
08:24:04.26 [INFO] notify invalidation: cleared 0 and dirtied 0 nodes for: {"", "pants.toml", "pants.toml~"}
08:24:04.26 [INFO] notify invalidation: cleared 0 and dirtied 0 nodes for: {"", "pants.toml"}
08:24:04.26 [INFO] notify invalidation: cleared 0 and dirtied 0 nodes for: {"pants.toml", ""}
08:24:04.26 [INFO] notify invalidation: cleared 0 and dirtied 0 nodes for: {"pants.toml"}
08:24:04.26 [ERROR] saw filesystem changes covered by invalidation globs: SnapshotDiff(our_unique_files=(), our_unique_dirs=(), their_unique_files=(), their_unique_dirs=(), changed_files=('pants.toml',)). terminating the daemon.
08:24:04.27 [INFO] notify invalidation: cleared 2 and dirtied 4 nodes for: {"pants.toml", ""}
08:24:04.27 [INFO] notify invalidation: cleared 0 and dirtied 0 nodes for: {"", "pants.toml"}
08:24:04.27 [INFO] notify invalidation: cleared 0 and dirtied 0 nodes for: {"", "pants.toml~"}
08:24:04.63 [ERROR] service failure for <pants.pantsd.service.scheduler_service.SchedulerService object at 0x7d35bed4f3d0>.
08:24:04.63 [INFO] Waiting for ongoing runs to complete before exiting...
08:24:04.63 [INFO] Server exiting with Ok(())
08:24:04.63 [INFO] Waiting for Sessions to complete before exiting...
08:24:04.63 [INFO] Waiting for shutdown of: ["scheduler_service_session", "store_gc_service_session"]
08:24:04.63 [INFO] Shutdown completed: "scheduler_service_session"
08:24:04.63 [INFO] Shutdown completed: "store_gc_service_session"
08:24:04.63 [INFO] Exiting pantsd
08:24:04.63 [WARN] File watcher exiting with: The watcher was shut down.
08:24:04.66 [WARN] File watcher exiting with: The watcher was shut down.
08:24:10.06 [INFO] pantsd 2.27.0 running with PID: 3310794
08:24:10.11 [INFO] handling request: `help`
08:24:10.13 [INFO] request completed: `help`
08:24:11.06 [ERROR] Client failed to create a Scheduler: shutting down.
08:24:11.06 [INFO] Waiting for ongoing runs to complete before exiting...
08:24:11.06 [INFO] Server exiting with Ok(())
08:24:11.06 [INFO] Waiting for Sessions to complete before exiting...
08:24:11.06 [INFO] Exiting pantsd
08:24:11.06 [WARN] File watcher exiting with: The watcher was shut down.
08:25:46.99 [INFO] pantsd 2.27.0 running with PID: 3311023
08:25:47.09 [INFO] handling request: `help`
08:25:47.11 [INFO] request completed: `help`
08:25:47.99 [ERROR] Client failed to create a Scheduler: shutting down.
08:25:47.99 [INFO] Waiting for ongoing runs to complete before exiting...
08:25:47.99 [INFO] Server exiting with Ok(())
08:25:47.99 [INFO] Waiting for Sessions to complete before exiting...
08:25:47.99 [INFO] Exiting pantsd
08:25:47.99 [WARN] File watcher exiting with: The watcher was shut down.
08:28:46.36 [INFO] pantsd 2.26.0 running with PID: 3311447
08:28:46.46 [INFO] handling request: `help`
08:28:46.59 [INFO] request completed: `help`
08:29:06.35 [INFO] notify invalidation: cleared 1 and dirtied 4 nodes for: {"", "4913"}
08:29:06.35 [INFO] notify invalidation: cleared 1 and dirtied 4 nodes for: {"", "4913"}
08:29:06.35 [INFO] notify invalidation: cleared 0 and dirtied 0 nodes for: {"4913", ""}
08:29:06.35 [INFO] notify invalidation: cleared 1 and dirtied 4 nodes for: {"", "pants.toml"}
08:29:06.35 [INFO] notify invalidation: cleared 0 and dirtied 0 nodes for: {"", "pants.toml~"}
08:29:06.35 [INFO] notify invalidation: cleared 0 and dirtied 0 nodes for: {"pants.toml~", "", "pants.toml"}
08:29:06.35 [INFO] notify invalidation: cleared 0 and dirtied 0 nodes for: {"pants.toml", ""}
08:29:06.35 [INFO] notify invalidation: cleared 0 and dirtied 0 nodes for: {"pants.toml", ""}
08:29:06.36 [INFO] notify invalidation: cleared 0 and dirtied 0 nodes for: {"pants.toml"}
08:29:06.36 [ERROR] saw filesystem changes covered by invalidation globs: SnapshotDiff(our_unique_files=(), our_unique_dirs=(), their_unique_files=(), their_unique_dirs=(), changed_files=('pants.toml',)). terminating the daemon.
08:29:06.36 [ERROR] service failure for <pants.pantsd.service.scheduler_service.SchedulerService object at 0x7fcd21937010>.
08:29:06.36 [INFO] Waiting for ongoing runs to complete before exiting...
08:29:06.36 [INFO] Server exiting with Ok(())
08:29:06.36 [INFO] Waiting for Sessions to complete before exiting...
08:29:06.36 [INFO] Waiting for shutdown of: ["scheduler_service_session", "store_gc_service_session"]
08:29:06.36 [INFO] Shutdown completed: "scheduler_service_session"
08:29:06.36 [INFO] Shutdown completed: "store_gc_service_session"
08:29:06.37 [INFO] Exiting pantsd
08:29:06.37 [WARN] File watcher exiting with: The watcher was shut down.
08:29:06.37 [INFO] notify invalidation: cleared 0 and dirtied 0 nodes for: {"", "pants.toml"}
08:29:06.37 [INFO] notify invalidation: cleared 0 and dirtied 0 nodes for: {"", "pants.toml"}
08:29:06.37 [INFO] notify invalidation: cleared 0 and dirtied 0 nodes for: {"pants.toml~", ""}
08:29:06.41 [WARN] File watcher exiting with: The watcher was shut down.
08:29:11.38 [INFO] pantsd 2.27.0 running with PID: 3311678
08:29:11.43 [INFO] handling request: `help`
08:29:11.57 [INFO] request completed: `help`
08:30:31.55 [INFO] Extending leases
08:30:31.56 [INFO] Done extending leases
08:31:32.29 [INFO] notify invalidation: cleared 2 and dirtied 4 nodes for: {"pants.toml", ""}
08:31:32.29 [INFO] notify invalidation: cleared 1 and dirtied 4 nodes for: {"nope_pants", ""}
08:31:32.29 [INFO] notify invalidation: cleared 1 and dirtied 4 nodes for: {"nope_pants", "pants.toml", ""}
08:31:32.29 [INFO] notify invalidation: cleared 0 and dirtied 0 nodes for: {"pants.toml", ""}
08:31:32.29 [ERROR] saw filesystem changes covered by invalidation globs: SnapshotDiff(our_unique_files=('pants.toml',), our_unique_dirs=(), their_unique_files=(), their_unique_dirs=(), changed_files=()). terminating the daemon.
08:31:32.39 [ERROR] service failure for <pants.pantsd.service.scheduler_service.SchedulerService object at 0x7cc9464de390>.
08:31:32.39 [INFO] Waiting for ongoing runs to complete before exiting...
08:31:32.39 [INFO] Server exiting with Ok(())
08:31:32.39 [INFO] Waiting for Sessions to complete before exiting...
08:31:32.39 [INFO] Waiting for shutdown of: ["scheduler_service_session", "store_gc_service_session"]
08:31:32.39 [INFO] Shutdown completed: "scheduler_service_session"
08:31:32.39 [INFO] Shutdown completed: "store_gc_service_session"
08:31:32.39 [INFO] Exiting pantsd
08:31:32.39 [WARN] File watcher exiting with: The watcher was shut down.
08:31:32.43 [WARN] File watcher exiting with: The watcher was shut down.
08:32:00.34 [INFO] pantsd 2.27.0 running with PID: 3312133
08:32:00.37 [INFO] handling request: `help`
08:32:00.88 [INFO] request completed: `help`
08:32:06.23 [INFO] handling request: `help`
08:32:06.36 [INFO] request completed: `help`
08:32:36.86 [INFO] handling request: `tailor ::`
08:32:36.94 [INFO] notify invalidation: cleared 1 and dirtied 267 nodes for: {".tmpXAUZVE.hardlink_canary", ""}
08:32:36.94 [INFO] notify invalidation: cleared 1 and dirtied 267 nodes for: {"", ".tmpXAUZVE.hardlink_canary"}
08:32:36.94 [INFO] notify invalidation: cleared 0 and dirtied 0 nodes for: {"BUILD", ""}
08:32:36.94 [INFO] notify invalidation: cleared 0 and dirtied 0 nodes for: {"BUILD"}
08:32:36.94 [INFO] notify invalidation: cleared 0 and dirtied 0 nodes for: {"BUILD", ""}
08:32:36.94 [INFO] notify invalidation: cleared 1 and dirtied 58 nodes for: {"cmd", "cmd/BUILD"}
08:32:36.94 [INFO] notify invalidation: cleared 1 and dirtied 58 nodes for: {"events", "events/BUILD"}
08:32:36.94 [INFO] notify invalidation: cleared 0 and dirtied 0 nodes for: {"events/BUILD"}
08:32:36.94 [INFO] notify invalidation: cleared 0 and dirtied 0 nodes for: {"events/BUILD", "events"}
08:32:36.94 [INFO] notify invalidation: cleared 0 and dirtied 0 nodes for: {"cmd/BUILD"}
08:32:36.94 [INFO] notify invalidation: cleared 0 and dirtied 0 nodes for: {"cmd", "cmd/BUILD"}
08:32:36.94 [INFO] notify invalidation: cleared 1 and dirtied 58 nodes for: {"kam/BUILD", "kam"}
08:32:36.94 [INFO] notify invalidation: cleared 1 and dirtied 58 nodes for: {"restclient", "restclient/BUILD"}
08:32:36.94 [INFO] notify invalidation: cleared 1 and dirtied 58 nodes for: {"withstack/BUILD", "withstack"}
08:32:36.94 [INFO] notify invalidation: cleared 1 and dirtied 67 nodes for: {"internal/app", "internal/app/BUILD"}
08:32:36.94 [INFO] notify invalidation: cleared 0 and dirtied 0 nodes for: {"kam/BUILD"}
08:32:36.94 [INFO] notify invalidation: cleared 1 and dirtied 58 nodes for: {"internal/config", "internal/config/BUILD"}
08:32:36.94 [INFO] notify invalidation: cleared 0 and dirtied 0 nodes for: {"restclient/BUILD"}
08:32:36.94 [INFO] notify invalidation: cleared 0 and dirtied 0 nodes for: {"kam", "kam/BUILD"}
08:32:36.94 [INFO] notify invalidation: cleared 0 and dirtied 0 nodes for: {"restclient/BUILD", "restclient"}
08:32:36.94 [INFO] notify invalidation: cleared 1 and dirtied 58 nodes for: {"views/BUILD", "views"}
08:32:36.94 [INFO] notify invalidation: cleared 0 and dirtied 0 nodes for: {"internal/app/BUILD"}
08:32:36.94 [INFO] notify invalidation: cleared 0 and dirtied 0 nodes for: {"internal/app/BUILD", "internal/app"}
08:32:36.94 [INFO] notify invalidation: cleared 1 and dirtied 58 nodes for: {"internal/gitlab", "internal/gitlab/BUILD"}
08:32:36.94 [INFO] notify invalidation: cleared 0 and dirtied 0 nodes for: {"withstack/BUILD"}
08:32:36.94 [INFO] notify invalidation: cleared 0 and dirtied 0 nodes for: {"withstack", "withstack/BUILD"}
08:32:36.94 [INFO] notify invalidation: cleared 0 and dirtied 0 nodes for: {"internal/config/BUILD"}
08:32:36.94 [INFO] notify invalidation: cleared 1 and dirtied 58 nodes for: {"internal/prompts", "internal/prompts/BUILD"}
08:32:36.94 [INFO] notify invalidation: cleared 0 and dirtied 0 nodes for: {"internal/config/BUILD", "internal/config"}
08:32:36.94 [INFO] notify invalidation: cleared 1 and dirtied 58 nodes for: {"internal/lint", "internal/lint/BUILD"}
08:32:36.94 [INFO] notify invalidation: cleared 1 and dirtied 58 nodes for: {"internal/elog", "internal/elog/BUILD"}
08:32:36.94 [INFO] notify invalidation: cleared 0 and dirtied 0 nodes for: {"internal/prompts/BUILD"}
08:32:36.94 [INFO] notify invalidation: cleared 0 and dirtied 0 nodes for: {"internal/gitlab/BUILD"}
08:32:36.94 [INFO] notify invalidation: cleared 0 and dirtied 0 nodes for: {"internal/prompts", "internal/prompts/BUILD"}
08:32:36.94 [INFO] notify invalidation: cleared 1 and dirtied 58 nodes for: {"internal/gitutil", "internal/gitutil/BUILD"}
08:32:36.94 [INFO] notify invalidation: cleared 0 and dirtied 0 nodes for: {"internal/gitlab/BUILD", "internal/gitlab"}
08:32:36.94 [INFO] notify invalidation: cleared 1 and dirtied 58 nodes for: {"internal/otel/BUILD", "internal/otel"}
08:32:36.94 [INFO] notify invalidation: cleared 1 and dirtied 58 nodes for: {"internal/run", "internal/run/BUILD"}
08:32:36.94 [INFO] notify invalidation: cleared 0 and dirtied 0 nodes for: {"views/BUILD"}
08:32:36.94 [INFO] notify invalidation: cleared 1 and dirtied 58 nodes for: {"internal/queue/BUILD", "internal/queue"}
08:32:36.94 [INFO] notify invalidation: cleared 1 and dirtied 67 nodes for: {"internal/tviewwrapper", "internal/tviewwrapper/BUILD"}
08:32:36.94 [INFO] notify invalidation: cleared 0 and dirtied 0 nodes for: {"internal/lint/BUILD"}
08:32:36.94 [INFO] notify invalidation: cleared 0 and dirtied 0 nodes for: {"views", "views/BUILD"}
08:32:36.94 [INFO] notify invalidation: cleared 0 and dirtied 0 nodes for: {"internal/lint/BUILD", "internal/lint"}
08:32:36.94 [INFO] notify invalidation: cleared 0 and dirtied 0 nodes for: {"internal/run/BUILD"}
08:32:36.94 [INFO] notify invalidation: cleared 0 and dirtied 0 nodes for: {"internal/tviewwrapper/BUILD"}
08:32:36.94 [INFO] notify invalidation: cleared 0 and dirtied 0 nodes for: {"internal/run", "internal/run/BUILD"}
08:32:36.94 [INFO] notify invalidation: cleared 0 and dirtied 0 nodes for: {"internal/tviewwrapper/BUILD", "internal/tviewwrapper"}
08:32:36.94 [INFO] notify invalidation: cleared 0 and dirtied 0 nodes for: {"internal/elog/BUILD"}
08:32:36.94 [INFO] notify invalidation: cleared 0 and dirtied 0 nodes for: {"internal/queue/BUILD"}
08:32:36.94 [INFO] notify invalidation: cleared 1 and dirtied 58 nodes for: {"internal/xr/BUILD", "internal/xr"}
08:32:36.94 [INFO] notify invalidation: cleared 0 and dirtied 0 nodes for: {"internal/elog", "internal/elog/BUILD"}
08:32:36.94 [INFO] notify invalidation: cleared 0 and dirtied 0 nodes for: {"internal/queue", "internal/queue/BUILD"}
08:32:36.94 [INFO] notify invalidation: cleared 1 and dirtied 58 nodes for: {"internal/utils", "internal/utils/BUILD"}
08:32:36.94 [INFO] notify invalidation: cleared 0 and dirtied 0 nodes for: {"internal/otel/BUILD"}
08:32:36.94 [INFO] notify invalidation: cleared 0 and dirtied 0 nodes for: {"internal/gitutil/BUILD"}
08:32:36.94 [INFO] notify invalidation: cleared 0 and dirtied 0 nodes for: {"internal/otel", "internal/otel/BUILD"}
08:32:36.94 [INFO] notify invalidation: cleared 0 and dirtied 0 nodes for: {"internal/xr/BUILD"}
08:32:36.94 [INFO] notify invalidation: cleared 1 and dirtied 58 nodes for: {"internal/app/fixtures/BUILD", "internal/app/fixtures"}
08:32:36.94 [INFO] notify invalidation: cleared 0 and dirtied 0 nodes for: {"internal/xr/BUILD", "internal/xr"}
08:32:36.94 [INFO] notify invalidation: cleared 0 and dirtied 0 nodes for: {"internal/gitutil/BUILD", "internal/gitutil"}
08:32:36.94 [INFO] notify invalidation: cleared 0 and dirtied 0 nodes for: {"internal/utils/BUILD"}
08:32:36.94 [INFO] notify invalidation: cleared 1 and dirtied 58 nodes for: {"internal/tui/merges", "internal/tui/merges/BUILD"}
08:32:36.94 [INFO] notify invalidation: cleared 0 and dirtied 0 nodes for: {"internal/utils/BUILD", "internal/utils"}
08:32:36.94 [INFO] notify invalidation: cleared 0 and dirtied 0 nodes for: {"internal/app/fixtures/BUILD"}
08:32:36.94 [INFO] notify invalidation: cleared 0 and dirtied 0 nodes for: {"internal/app/fixtures", "internal/app/fixtures/BUILD"}
08:32:36.94 [INFO] notify invalidation: cleared 0 and dirtied 0 nodes for: {"internal/tui/merges/BUILD"}
08:32:36.94 [INFO] notify invalidation: cleared 0 and dirtied 0 nodes for: {"internal/tui/merges/BUILD", "internal/tui/merges"}
08:32:36.94 [INFO] notify invalidation: cleared 1 and dirtied 58 nodes for: {"internal/tviewwrapper/fixtures/BUILD", "internal/tviewwrapper/fixtures"}
08:32:36.94 [INFO] notify invalidation: cleared 0 and dirtied 0 nodes for: {"internal/tviewwrapper/fixtures/BUILD"}
08:32:36.94 [INFO] notify invalidation: cleared 0 and dirtied 0 nodes for: {"internal/tviewwrapper/fixtures", "internal/tviewwrapper/fixtures/BUILD"}
08:32:36.94 [INFO] request completed: `tailor ::`
08:33:20.77 [INFO] Extending leases
08:33:20.78 [INFO] Done extending leases
08:33:43.74 [INFO] handling request: `list ::`
08:34:39.62 [INFO] request completed: `list ::`
08:34:40.81 [INFO] Extending leases
08:34:42.60 [ERROR] The scheduler was invalidated: Exception('pantsd process 3312133 was using 4312.95 MiB of memory (above the `--pantsd-max-memory-usage` limit of 4096.00 MiB).')
08:34:42.65 [ERROR] service failure for <pants.pantsd.service.scheduler_service.SchedulerService object at 0x7dc9a7540190>.
08:34:42.65 [INFO] Waiting for ongoing runs to complete before exiting...
08:34:42.65 [INFO] Server exiting with Ok(())
08:34:42.65 [INFO] Waiting for Sessions to complete before exiting...
08:34:43.65 [INFO] Waiting for shutdown of: ["scheduler_service_session", "store_gc_service_session", "pants_run_2025_09_06_08_32_36_905_6e613b041ce84934992d0e43bbcfc13e", "pants_run_2025_09_06_08_33_43_784_ee3c89d85aca4d7eae60b2e08ae876f4"]
08:34:43.65 [INFO] Shutdown completed: "scheduler_service_session"
08:34:43.65 [INFO] Shutdown completed: "pants_run_2025_09_06_08_32_36_905_6e613b041ce84934992d0e43bbcfc13e"
08:34:43.65 [INFO] Shutdown completed: "pants_run_2025_09_06_08_33_43_784_ee3c89d85aca4d7eae60b2e08ae876f4"
08:34:48.64 [INFO] pantsd 2.27.0 running with PID: 3320662
08:34:48.70 [INFO] handling request: `list ::`
08:34:54.47 [ERROR] The scheduler was invalidated: Exception('pantsd process 3320662 was using 4253.58 MiB of memory (above the `--pantsd-max-memory-usage` limit of 4096.00 MiB).')
08:34:54.65 [ERROR] service failure for <pants.pantsd.service.scheduler_service.SchedulerService object at 0x7d7227d53390>.
08:34:54.68 [INFO] Waiting for ongoing runs to complete before exiting...
08:34:55.52 [INFO] request completed: `list ::`
08:34:55.52 [INFO] Server exiting with Ok(())
08:34:55.52 [INFO] Waiting for Sessions to complete before exiting...
08:34:55.52 [INFO] Waiting for shutdown of: ["scheduler_service_session", "store_gc_service_session", "pants_run_2025_09_06_08_34_49_253_c5285dabe4d947bebc6c917d36f0e5ab"]
08:34:55.52 [INFO] Shutdown completed: "scheduler_service_session"
08:34:55.52 [INFO] Shutdown completed: "store_gc_service_session"
08:34:55.52 [INFO] Shutdown completed: "pants_run_2025_09_06_08_34_49_253_c5285dabe4d947bebc6c917d36f0e5ab"
08:34:55.53 [INFO] Exiting pantsd
08:34:55.53 [WARN] File watcher exiting with: The watcher was shut down.
08:35:00.94 [INFO] Done extending leases
08:35:00.94 [INFO] Shutdown completed: "store_gc_service_session"
08:35:01.40 [INFO] Exiting pantsd
08:35:01.42 [WARN] File watcher exiting with: The watcher was shut down.
08:35:39.77 [INFO] pantsd 2.27.0 running with PID: 3320837
08:35:39.81 [INFO] handling request: `run cmd/cmd`
08:35:40.25 [INFO] request completed: `run cmd/cmd`
08:35:46.27 [INFO] handling request: `run cmd:cmd`
08:35:46.34 [INFO] request completed: `run cmd:cmd`
08:36:17.82 [INFO] handling request: `run go_binary`
08:36:17.99 [INFO] request completed: `run go_binary`
08:36:29.21 [INFO] handling request: `help goals`
08:36:29.33 [INFO] request completed: `help goals`
08:36:40.59 [INFO] handling request: `check`
08:36:40.64 [INFO] request completed: `check`
08:36:51.86 [INFO] handling request: `cont-log`
08:36:52.02 [INFO] request completed: `cont-log`
08:36:55.58 [INFO] handling request: `cont-loc`
08:36:55.70 [INFO] request completed: `cont-loc`
08:37:00.23 [INFO] Extending leases
08:37:00.24 [INFO] Done extending leases
08:37:00.82 [INFO] handling request: `count-loc`
08:37:00.87 [INFO] request completed: `count-loc`
08:37:18.11 [INFO] handling request: `lint`
08:37:18.16 [INFO] request completed: `lint`
08:37:23.13 [INFO] handling request: `test`
08:37:23.17 [INFO] request completed: `test`
08:37:52.46 [INFO] handling request: `run cmr`
08:37:52.51 [INFO] request completed: `run cmr`
08:38:20.24 [INFO] Extending leases
08:38:20.24 [INFO] Done extending leases
08:38:23.95 [INFO] handling request: `run .`
08:38:27.87 [ERROR] The scheduler was invalidated: Exception('pantsd process 3320837 was using 4192.34 MiB of memory (above the `--pantsd-max-memory-usage` limit of 4096.00 MiB).')
08:38:28.79 [ERROR] service failure for <pants.pantsd.service.scheduler_service.SchedulerService object at 0x79f8a8b9b510>.
08:38:28.79 [INFO] Waiting for ongoing runs to complete before exiting...
08:38:31.01 [INFO] request completed: `run .`
08:38:31.01 [INFO] Server exiting with Ok(())
08:38:31.01 [INFO] Waiting for Sessions to complete before exiting...
08:38:31.01 [INFO] Waiting for shutdown of: ["scheduler_service_session", "store_gc_service_session", "pants_run_2025_09_06_08_35_40_242_e306bd479f9d4bc6ad45b3d8eecc8cb2", "pants_run_2025_09_06_08_35_46_318_27cfd986772243c9a7273fffb39272a6", "pants_run_2025_09_06_08_36_29_245_af271ba2b6274295908e73ad5143c772", "pants_run_2025_09_06_08_36_40_633_83f8bd22df6c43cd8d62f23c1418e7fa", "pants_run_2025_09_06_08_37_00_864_4154dd428ef3459d84a2946357547705", "pants_run_2025_09_06_08_37_18_153_5391dcd122a34becb0f34014098e6ebc", "pants_run_2025_09_06_08_37_23_167_194fe1f6c7d14769948002e6098d1d20", "pants_run_2025_09_06_08_37_52_505_0ee048c41122493e831dc97b317abc9c", "pants_run_2025_09_06_08_38_23_993_770664d7e7144c0ba994e327700d55ad"]
08:38:31.01 [INFO] Shutdown completed: "scheduler_service_session"
08:38:31.01 [INFO] Shutdown completed: "store_gc_service_session"
08:38:31.01 [INFO] Shutdown completed: "pants_run_2025_09_06_08_35_40_242_e306bd479f9d4bc6ad45b3d8eecc8cb2"
08:38:31.01 [INFO] Shutdown completed: "pants_run_2025_09_06_08_35_46_318_27cfd986772243c9a7273fffb39272a6"
08:38:31.01 [INFO] Shutdown completed: "pants_run_2025_09_06_08_36_29_245_af271ba2b6274295908e73ad5143c772"
08:38:31.01 [INFO] Shutdown completed: "pants_run_2025_09_06_08_36_40_633_83f8bd22df6c43cd8d62f23c1418e7fa"
08:38:31.01 [INFO] Shutdown completed: "pants_run_2025_09_06_08_37_00_864_4154dd428ef3459d84a2946357547705"
08:38:31.01 [INFO] Shutdown completed: "pants_run_2025_09_06_08_37_18_153_5391dcd122a34becb0f34014098e6ebc"
08:38:31.01 [INFO] Shutdown completed: "pants_run_2025_09_06_08_37_23_167_194fe1f6c7d14769948002e6098d1d20"
08:38:31.01 [INFO] Shutdown completed: "pants_run_2025_09_06_08_37_52_505_0ee048c41122493e831dc97b317abc9c"
08:38:31.01 [INFO] Shutdown completed: "pants_run_2025_09_06_08_38_23_993_770664d7e7144c0ba994e327700d55ad"
08:38:31.02 [INFO] Exiting pantsd
08:38:31.02 [WARN] File watcher exiting with: The watcher was shut down.
08:40:36.49 [INFO] pantsd 2.27.0 running with PID: 3322069
08:40:36.52 [INFO] handling request: `run .`
08:40:41.00 [ERROR] The scheduler was invalidated: Exception('pantsd process 3322069 was using 4275.82 MiB of memory (above the `--pantsd-max-memory-usage` limit of 4096.00 MiB).')
08:40:41.49 [ERROR] service failure for <pants.pantsd.service.scheduler_service.SchedulerService object at 0x7d2d8bf9e850>.
08:40:41.49 [INFO] Waiting for ongoing runs to complete before exiting...
08:40:42.55 [INFO] request completed: `run .`
08:40:42.55 [INFO] Server exiting with Ok(())
08:40:42.55 [INFO] Waiting for Sessions to complete before exiting...
08:40:42.55 [INFO] Waiting for shutdown of: ["scheduler_service_session", "store_gc_service_session", "pants_run_2025_09_06_08_40_36_921_b1eee41e33f04388bf0bd8db7da0a412"]
08:40:42.55 [INFO] Shutdown completed: "scheduler_service_session"
08:40:42.55 [INFO] Shutdown completed: "store_gc_service_session"
08:40:42.55 [INFO] Shutdown completed: "pants_run_2025_09_06_08_40_36_921_b1eee41e33f04388bf0bd8db7da0a412"
08:40:42.56 [INFO] Exiting pantsd
08:40:42.57 [WARN] File watcher exiting with: The watcher was shut down.
08:42:40.38 [INFO] pantsd 2.27.0 running with PID: 3322435
08:42:40.42 [INFO] handling request: `run .`
08:42:44.39 [ERROR] The scheduler was invalidated: Exception('pantsd process 3322435 was using 4187.65 MiB of memory (above the `--pantsd-max-memory-usage` limit of 4096.00 MiB).')
08:42:45.38 [INFO] request completed: `run .`
08:42:45.39 [ERROR] service failure for <pants.pantsd.service.scheduler_service.SchedulerService object at 0x78ca97b386d0>.
08:42:45.39 [INFO] Waiting for ongoing runs to complete before exiting...
08:42:45.39 [INFO] Server exiting with Ok(())
08:42:45.39 [INFO] Waiting for Sessions to complete before exiting...
08:42:45.39 [INFO] Waiting for shutdown of: ["scheduler_service_session", "store_gc_service_session", "pants_run_2025_09_06_08_42_40_830_8d5cbc54c1b242d58aed12f567598f72"]
08:42:45.39 [INFO] Shutdown completed: "scheduler_service_session"
08:42:45.39 [INFO] Shutdown completed: "store_gc_service_session"
08:42:45.39 [INFO] Shutdown completed: "pants_run_2025_09_06_08_42_40_830_8d5cbc54c1b242d58aed12f567598f72"
08:42:45.40 [INFO] Exiting pantsd
08:42:45.40 [WARN] File watcher exiting with: The watcher was shut down.
08:43:04.15 [INFO] pantsd 2.27.0 running with PID: 3322625
08:43:04.23 [INFO] handling request: `run .`
08:43:08.78 [ERROR] The scheduler was invalidated: Exception('pantsd process 3322625 was using 4342.59 MiB of memory (above the `--pantsd-max-memory-usage` limit of 4096.00 MiB).')
08:43:09.20 [ERROR] service failure for <pants.pantsd.service.scheduler_service.SchedulerService object at 0x7760cc791ed0>.
08:43:09.20 [INFO] Waiting for ongoing runs to complete before exiting...
08:43:09.29 [INFO] request completed: `run .`
08:43:09.29 [INFO] Server exiting with Ok(())
08:43:09.29 [INFO] Waiting for Sessions to complete before exiting...
08:43:09.29 [INFO] Waiting for shutdown of: ["scheduler_service_session", "store_gc_service_session", "pants_run_2025_09_06_08_43_04_653_5736e93e095e4097b3c1bdab70898349"]
08:43:09.29 [INFO] Shutdown completed: "scheduler_service_session"
08:43:09.29 [INFO] Shutdown completed: "store_gc_service_session"
08:43:09.29 [INFO] Shutdown completed: "pants_run_2025_09_06_08_43_04_653_5736e93e095e4097b3c1bdab70898349"
08:43:09.30 [INFO] Exiting pantsd
08:43:09.30 [WARN] File watcher exiting with: The watcher was shut down.
08:44:23.30 [INFO] pantsd 2.27.0 running with PID: 3323166
08:44:23.37 [INFO] handling request: `count-loc`
08:44:23.79 [INFO] request completed: `count-loc`
08:44:35.60 [INFO] handling request: `help`
08:44:35.72 [INFO] request completed: `help`
08:44:45.60 [INFO] handling request: `help backends`
08:44:45.74 [INFO] request completed: `help backends`
08:44:52.18 [INFO] handling request: `help`
08:44:52.32 [INFO] request completed: `help`
08:45:15.63 [INFO] handling request: `check`
08:45:15.68 [INFO] request completed: `check`
08:45:43.77 [INFO] Extending leases
08:45:43.77 [INFO] Done extending leases
08:46:37.71 [INFO] handling request: `run .`
08:46:41.79 [ERROR] The scheduler was invalidated: Exception('pantsd process 3323166 was using 4303.42 MiB of memory (above the `--pantsd-max-memory-usage` limit of 4096.00 MiB).')
08:46:42.38 [ERROR] service failure for <pants.pantsd.service.scheduler_service.SchedulerService object at 0x780809af4b10>.
08:46:42.38 [INFO] Waiting for ongoing runs to complete before exiting...
08:46:43.57 [INFO] request completed: `run .`
08:46:43.57 [INFO] Server exiting with Ok(())
08:46:43.57 [INFO] Waiting for Sessions to complete before exiting...
08:46:43.57 [INFO] Waiting for shutdown of: ["scheduler_service_session", "store_gc_service_session", "pants_run_2025_09_06_08_44_23_784_03057ae173f24411bcc577a17a863e70", "pants_run_2025_09_06_08_45_15_672_40fecc5ae87e4b41a61eb3e4ec1a9e2f", "pants_run_2025_09_06_08_46_37_750_a404b7ea55ee475e87a29cbb12490723"]
08:46:43.57 [INFO] Shutdown completed: "scheduler_service_session"
08:46:43.57 [INFO] Shutdown completed: "store_gc_service_session"
08:46:43.57 [INFO] Shutdown completed: "pants_run_2025_09_06_08_44_23_784_03057ae173f24411bcc577a17a863e70"
08:46:43.57 [INFO] Shutdown completed: "pants_run_2025_09_06_08_45_15_672_40fecc5ae87e4b41a61eb3e4ec1a9e2f"
08:46:43.57 [INFO] Shutdown completed: "pants_run_2025_09_06_08_46_37_750_a404b7ea55ee475e87a29cbb12490723"
08:46:43.58 [INFO] Exiting pantsd
08:46:43.58 [WARN] File watcher exiting with: The watcher was shut down.
08:48:17.19 [INFO] pantsd 2.27.0 running with PID: 3323939
08:48:17.28 [INFO] handling request: `run .`
08:48:21.75 [ERROR] The scheduler was invalidated: Exception('pantsd process 3323939 was using 4194.01 MiB of memory (above the `--pantsd-max-memory-usage` limit of 4096.00 MiB).')
08:48:22.19 [ERROR] service failure for <pants.pantsd.service.scheduler_service.SchedulerService object at 0x78aa518a9e50>.
08:48:22.19 [INFO] Waiting for ongoing runs to complete before exiting...
08:48:23.41 [INFO] request completed: `run .`
08:48:23.41 [INFO] Server exiting with Ok(())
08:48:23.41 [INFO] Waiting for Sessions to complete before exiting...
08:48:23.41 [INFO] Waiting for shutdown of: ["scheduler_service_session", "store_gc_service_session", "pants_run_2025_09_06_08_48_17_704_f21a4bfcdddc4794ac0cd2bf7d638108"]
08:48:23.41 [INFO] Shutdown completed: "scheduler_service_session"
08:48:23.41 [INFO] Shutdown completed: "store_gc_service_session"
08:48:23.41 [INFO] Shutdown completed: "pants_run_2025_09_06_08_48_17_704_f21a4bfcdddc4794ac0cd2bf7d638108"
08:48:23.43 [INFO] Exiting pantsd
08:48:23.43 [WARN] File watcher exiting with: The watcher was shut down.
08:49:42.31 [INFO] pantsd 2.27.0 running with PID: 3324251
08:49:42.35 [INFO] handling request: `run .`
08:49:46.85 [ERROR] The scheduler was invalidated: Exception('pantsd process 3324251 was using 4315.12 MiB of memory (above the `--pantsd-max-memory-usage` limit of 4096.00 MiB).')
08:49:47.32 [ERROR] service failure for <pants.pantsd.service.scheduler_service.SchedulerService object at 0x7103c47ddbd0>.
08:49:47.32 [INFO] Waiting for ongoing runs to complete before exiting...
08:49:49.60 [INFO] request completed: `run .`
08:49:49.60 [INFO] Server exiting with Ok(())
08:49:49.60 [INFO] Waiting for Sessions to complete before exiting...
08:49:49.60 [INFO] Waiting for shutdown of: ["scheduler_service_session", "store_gc_service_session", "pants_run_2025_09_06_08_49_42_773_b272c7b2131e4947a70bf3fbf1ecd6f9"]
08:49:49.60 [INFO] Shutdown completed: "scheduler_service_session"
08:49:49.60 [INFO] Shutdown completed: "store_gc_service_session"
08:49:49.60 [INFO] Shutdown completed: "pants_run_2025_09_06_08_49_42_773_b272c7b2131e4947a70bf3fbf1ecd6f9"
08:49:49.62 [INFO] Exiting pantsd
08:49:49.62 [WARN] File watcher exiting with: The watcher was shut down.
09:34:20.21 [INFO] pantsd 2.27.0 running with PID: 3357477
09:34:20.25 [INFO] handling request: `run .`
09:34:24.80 [ERROR] The scheduler was invalidated: Exception('pantsd process 3357477 was using 4303.55 MiB of memory (above the `--pantsd-max-memory-usage` limit of 4096.00 MiB).')
09:34:25.22 [ERROR] service failure for <pants.pantsd.service.scheduler_service.SchedulerService object at 0x799056c6fb10>.
09:34:25.23 [INFO] Waiting for ongoing runs to complete before exiting...
09:35:18.97 [INFO] request completed: `run .`
09:35:18.97 [INFO] Server exiting with Ok(())
09:35:18.97 [INFO] Waiting for Sessions to complete before exiting...
09:35:18.97 [INFO] Waiting for shutdown of: ["scheduler_service_session", "store_gc_service_session", "pants_run_2025_09_06_09_34_20_658_605dc3c003b440269cf64432697700b9"]
09:35:18.97 [INFO] Shutdown completed: "scheduler_service_session"
09:35:18.97 [INFO] Shutdown completed: "store_gc_service_session"
09:35:18.97 [INFO] Shutdown completed: "pants_run_2025_09_06_09_34_20_658_605dc3c003b440269cf64432697700b9"
09:35:18.99 [INFO] Exiting pantsd
09:35:18.99 [WARN] File watcher exiting with: The watcher was shut down.
09:35:54.55 [INFO] pantsd 2.27.0 running with PID: 3376336
09:35:54.56 [INFO] handling request: `check pkg::`
09:35:54.97 [INFO] request completed: `check pkg::`
